[0829/120914.623:INFO:CONSOLE(150)] "Event handler of 'x-storagemutated-1' event must be added on the initial evaluation of worker script.", source: https://static.whatsapp.net/rsrc.php/v3/ys/r/BmdXg8S_599.js?_nc_x=Ij3Wp8lg5Kz (150)
[0829/120914.816:INFO:CONSOLE(0)] "Error with Permissions-Policy header: Feature xr-spatial-tracking's parameters are ignored.", source:  (0)
[0829/120914.816:INFO:CONSOLE(0)] "Error with Permissions-Policy header: Origin trial controlled feature not enabled: 'attribution-reporting'.", source:  (0)
[0829/120914.816:INFO:CONSOLE(0)] "Error with Permissions-Policy header: Unrecognized feature: 'compute-pressure'.", source:  (0)
[0829/120914.818:INFO:CONSOLE(0)] "Error with Permissions-Policy header: Origin trial controlled feature not enabled: 'interest-cohort'.", source:  (0)
[0829/120914.818:INFO:CONSOLE(0)] "Error with Permissions-Policy header: Unrecognized feature: 'private-state-token-issuance'.", source:  (0)
[0829/120914.818:INFO:CONSOLE(0)] "Error with Permissions-Policy header: Origin trial controlled feature not enabled: 'shared-storage'.", source:  (0)
[0829/120914.818:INFO:CONSOLE(0)] "Error with Permissions-Policy header: Unrecognized feature: 'shared-storage-select-url'.", source:  (0)
[0829/120914.818:INFO:CONSOLE(0)] "Error with Permissions-Policy header: Unrecognized feature: 'private-state-token-redemption'.", source:  (0)
[0829/120914.818:INFO:CONSOLE(0)] "Error with Permissions-Policy header: Unrecognized feature: 'unload'.", source:  (0)
[0829/120914.818:INFO:CONSOLE(0)] "Error with Permissions-Policy header: Unrecognized feature: 'window-management'.", source:  (0)
[0829/120928.893:INFO:CONSOLE(342)] "WAWebLoggerWorker initialized", source: https://static.whatsapp.net/rsrc.php/v3/yn/r/CtRQnumVyYQ.js?_nc_x=Ij3Wp8lg5Kz (342)
[0829/120928.894:INFO:CONSOLE(342)] "[storage] start setSchemaVersions from fts worker interface", source: https://static.whatsapp.net/rsrc.php/v3/yn/r/CtRQnumVyYQ.js?_nc_x=Ij3Wp8lg5Kz (342)
[0829/120928.894:INFO:CONSOLE(342)] "[storage] set schema versions: [model-storage,158,fts-storage,8,jobs-storage,1,lru-media-storage-idb,2,offd-storage,4,qpl-storage,0,signal-storage,6,worker-storage,1,sw,2,wawc,14,wawc_db_enc,2]. is worker? true", source: https://static.whatsapp.net/rsrc.php/v3/yn/r/CtRQnumVyYQ.js?_nc_x=Ij3Wp8lg5Kz (342)
[0829/120941.885:INFO:CONSOLE(342)] "FTS:Delegate: start indexer", source: https://static.whatsapp.net/rsrc.php/v3/yn/r/CtRQnumVyYQ.js?_nc_x=Ij3Wp8lg5Kz (342)
[0829/120941.885:INFO:CONSOLE(342)] "FTS:Delegate: start perform init", source: https://static.whatsapp.net/rsrc.php/v3/yn/r/CtRQnumVyYQ.js?_nc_x=Ij3Wp8lg5Kz (342)
[0829/120941.886:INFO:CONSOLE(342)] "FTS:Delegate: schema versions ready", source: https://static.whatsapp.net/rsrc.php/v3/yn/r/CtRQnumVyYQ.js?_nc_x=Ij3Wp8lg5Kz (342)
[0829/120941.886:INFO:CONSOLE(342)] "FTS:Delegate: before db initialization", source: https://static.whatsapp.net/rsrc.php/v3/yn/r/CtRQnumVyYQ.js?_nc_x=Ij3Wp8lg5Kz (342)
[0829/120944.797:INFO:CONSOLE(342)] "FTS:Delegate: after db initialization", source: https://static.whatsapp.net/rsrc.php/v3/yn/r/CtRQnumVyYQ.js?_nc_x=Ij3Wp8lg5Kz (342)
[0829/120944.804:INFO:CONSOLE(342)] "FTS:Manifest Writer: Set current version to ['3.1', '1']", source: https://static.whatsapp.net/rsrc.php/v3/yn/r/CtRQnumVyYQ.js?_nc_x=Ij3Wp8lg5Kz (342)
[0829/120944.804:INFO:CONSOLE(342)] "FTS:Delegate: Inited", source: https://static.whatsapp.net/rsrc.php/v3/yn/r/CtRQnumVyYQ.js?_nc_x=Ij3Wp8lg5Kz (342)
[0829/120944.804:INFO:CONSOLE(342)] "FTS:Delegate: Init indexing ops", source: https://static.whatsapp.net/rsrc.php/v3/yn/r/CtRQnumVyYQ.js?_nc_x=Ij3Wp8lg5Kz (342)
[0829/120944.813:INFO:CONSOLE(342)] "Current message batch is from entry 0 of 0...", source: https://static.whatsapp.net/rsrc.php/v3/yn/r/CtRQnumVyYQ.js?_nc_x=Ij3Wp8lg5Kz (342)
[0829/120944.815:INFO:CONSOLE(342)] "FTS:Indexer:indexQueuedBatch: Starting new batch size : 1000", source: https://static.whatsapp.net/rsrc.php/v3/yn/r/CtRQnumVyYQ.js?_nc_x=Ij3Wp8lg5Kz (342)
[0829/120944.818:INFO:CONSOLE(342)] "FTS:Indexer:indexQueuedBatch: Completed", source: https://static.whatsapp.net/rsrc.php/v3/yn/r/CtRQnumVyYQ.js?_nc_x=Ij3Wp8lg5Kz (342)
[0829/120945.501:INFO:CONSOLE(342)] "FTS:Indexer:indexQueuedBatch: Starting new batch size : 1000", source: https://static.whatsapp.net/rsrc.php/v3/yn/r/CtRQnumVyYQ.js?_nc_x=Ij3Wp8lg5Kz (342)
[0829/120946.022:WARNING:backend_impl.cc(1816)] Destroying invalid entry.
[0829/120946.025:WARNING:backend_impl.cc(1816)] Destroying invalid entry.
[0829/120951.412:INFO:CONSOLE(342)] "FTS:Indexer:indexQueuedBatch: Completed batch", source: https://static.whatsapp.net/rsrc.php/v3/yn/r/CtRQnumVyYQ.js?_nc_x=Ij3Wp8lg5Kz (342)
[0829/120951.504:INFO:CONSOLE(342)] "FTS:Indexer:indexQueuedBatch: Completed batch", source: https://static.whatsapp.net/rsrc.php/v3/yn/r/CtRQnumVyYQ.js?_nc_x=Ij3Wp8lg5Kz (342)
[0829/120951.507:INFO:CONSOLE(342)] "FTS:Indexer:indexQueuedBatch: Completed", source: https://static.whatsapp.net/rsrc.php/v3/yn/r/CtRQnumVyYQ.js?_nc_x=Ij3Wp8lg5Kz (342)
[0829/120952.500:INFO:CONSOLE(342)] "FTS:Indexer:indexQueuedBatch: Starting new batch size : 1000", source: https://static.whatsapp.net/rsrc.php/v3/yn/r/CtRQnumVyYQ.js?_nc_x=Ij3Wp8lg5Kz (342)
[0829/120952.582:INFO:CONSOLE(342)] "FTS:Indexer:indexQueuedBatch: Completed batch", source: https://static.whatsapp.net/rsrc.php/v3/yn/r/CtRQnumVyYQ.js?_nc_x=Ij3Wp8lg5Kz (342)
[0829/120952.584:INFO:CONSOLE(342)] "FTS:Indexer:indexQueuedBatch: Completed", source: https://static.whatsapp.net/rsrc.php/v3/yn/r/CtRQnumVyYQ.js?_nc_x=Ij3Wp8lg5Kz (342)
[0829/120954.524:INFO:CONSOLE(342)] "FTS:Indexer:indexQueuedBatch: Starting new batch size : 1000", source: https://static.whatsapp.net/rsrc.php/v3/yn/r/CtRQnumVyYQ.js?_nc_x=Ij3Wp8lg5Kz (342)
[0829/120954.585:INFO:CONSOLE(342)] "FTS:Indexer:indexQueuedBatch: Completed batch", source: https://static.whatsapp.net/rsrc.php/v3/yn/r/CtRQnumVyYQ.js?_nc_x=Ij3Wp8lg5Kz (342)
[0829/120954.586:INFO:CONSOLE(342)] "FTS:Indexer:indexQueuedBatch: Completed", source: https://static.whatsapp.net/rsrc.php/v3/yn/r/CtRQnumVyYQ.js?_nc_x=Ij3Wp8lg5Kz (342)
[0829/120956.530:INFO:CONSOLE(342)] "FTS:Indexer:indexQueuedBatch: Starting new batch size : 1000", source: https://static.whatsapp.net/rsrc.php/v3/yn/r/CtRQnumVyYQ.js?_nc_x=Ij3Wp8lg5Kz (342)
[0829/120956.569:INFO:CONSOLE(342)] "FTS:Indexer:indexQueuedBatch: Completed batch", source: https://static.whatsapp.net/rsrc.php/v3/yn/r/CtRQnumVyYQ.js?_nc_x=Ij3Wp8lg5Kz (342)
[0829/120956.570:INFO:CONSOLE(342)] "FTS:Indexer:indexQueuedBatch: Completed", source: https://static.whatsapp.net/rsrc.php/v3/yn/r/CtRQnumVyYQ.js?_nc_x=Ij3Wp8lg5Kz (342)
[0829/120958.560:INFO:CONSOLE(342)] "FTS:Indexer:indexQueuedBatch: Starting new batch size : 1000", source: https://static.whatsapp.net/rsrc.php/v3/yn/r/CtRQnumVyYQ.js?_nc_x=Ij3Wp8lg5Kz (342)
[0829/120958.626:INFO:CONSOLE(342)] "FTS:Indexer:indexQueuedBatch: Completed batch", source: https://static.whatsapp.net/rsrc.php/v3/yn/r/CtRQnumVyYQ.js?_nc_x=Ij3Wp8lg5Kz (342)
[0829/120958.627:INFO:CONSOLE(342)] "FTS:Indexer:indexQueuedBatch: Completed", source: https://static.whatsapp.net/rsrc.php/v3/yn/r/CtRQnumVyYQ.js?_nc_x=Ij3Wp8lg5Kz (342)
[0829/121000.738:INFO:CONSOLE(342)] "FTS:Indexer:indexQueuedBatch: Starting new batch size : 1000", source: https://static.whatsapp.net/rsrc.php/v3/yn/r/CtRQnumVyYQ.js?_nc_x=Ij3Wp8lg5Kz (342)
[0829/121000.824:INFO:CONSOLE(342)] "FTS:Indexer:indexQueuedBatch: Completed batch", source: https://static.whatsapp.net/rsrc.php/v3/yn/r/CtRQnumVyYQ.js?_nc_x=Ij3Wp8lg5Kz (342)
[0829/121000.826:INFO:CONSOLE(342)] "FTS:Indexer:indexQueuedBatch: Completed", source: https://static.whatsapp.net/rsrc.php/v3/yn/r/CtRQnumVyYQ.js?_nc_x=Ij3Wp8lg5Kz (342)
[0829/121003.125:INFO:CONSOLE(70)] "ErrorUtils caught an error:

adding to store when blocking store adds

Subsequent non-fatal errors won't be logged; see https://fburl.com/debugjs.", source: https://static.whatsapp.net/rsrc.php/v3/yt/r/EUNHXg17Vg2.js?_nc_x=Ij3Wp8lg5Kz (70)
